<?xml version="1.0" encoding="UTF-8"?>
<testng-results ignored="0" total="1" passed="1" failed="0" skipped="0">
  <reporter-output>
  </reporter-output>
  <suite started-at="2023-12-13T21:37:41 EST" name="Default suite" finished-at="2023-12-13T21:37:48 EST" duration-ms="7663">
    <groups>
    </groups>
    <test started-at="2023-12-13T21:37:41 EST" name="Default test" finished-at="2023-12-13T21:37:48 EST" duration-ms="7663">
      <class name="demoQaTests.UploadDownloadFileTest">
        <test-method is-config="true" signature="setUP()[pri:0, instance:demoQaTests.UploadDownloadFileTest@74f0ea28]" started-at="2023-12-13T21:37:41 EST" name="setUP" finished-at="2023-12-13T21:37:44 EST" duration-ms="2858" status="PASS">
          <reporter-output>
          </reporter-output>
        </test-method> <!-- setUP -->
        <test-method signature="elementsPageTextBoxTest()[pri:0, instance:demoQaTests.UploadDownloadFileTest@74f0ea28]" started-at="2023-12-13T21:37:44 EST" name="elementsPageTextBoxTest" finished-at="2023-12-13T21:37:48 EST" duration-ms="4751" status="PASS">
          <reporter-output>
          </reporter-output>
        </test-method> <!-- elementsPageTextBoxTest -->
        <test-method is-config="true" signature="tearDown()[pri:0, instance:demoQaTests.UploadDownloadFileTest@74f0ea28]" started-at="2023-12-13T21:37:48 EST" name="tearDown" finished-at="2023-12-13T21:37:48 EST" duration-ms="1" status="PASS">
          <reporter-output>
          </reporter-output>
        </test-method> <!-- tearDown -->
      </class> <!-- demoQaTests.UploadDownloadFileTest -->
    </test> <!-- Default test -->
  </suite> <!-- Default suite -->
</testng-results>
