<?xml version="1.0" encoding="UTF-8"?>
<testng-results ignored="0" total="1" passed="1" failed="0" skipped="0">
  <reporter-output>
  </reporter-output>
  <suite started-at="2023-12-12T22:05:09 EST" name="Default suite" finished-at="2023-12-12T22:05:19 EST" duration-ms="9036">
    <groups>
    </groups>
    <test started-at="2023-12-12T22:05:09 EST" name="Default test" finished-at="2023-12-12T22:05:19 EST" duration-ms="9036">
      <class name="demoQaTests.WebTableTest">
        <test-method is-config="true" signature="setUP()[pri:0, instance:demoQaTests.WebTableTest@38d8f54a]" started-at="2023-12-12T22:05:09 EST" name="setUP" finished-at="2023-12-12T22:05:17 EST" duration-ms="7701" status="PASS">
          <reporter-output>
          </reporter-output>
        </test-method> <!-- setUP -->
        <test-method signature="elementsPageTextBoxTest()[pri:0, instance:demoQaTests.WebTableTest@38d8f54a]" started-at="2023-12-12T22:05:17 EST" name="elementsPageTextBoxTest" finished-at="2023-12-12T22:05:19 EST" duration-ms="1277" status="PASS">
          <reporter-output>
          </reporter-output>
        </test-method> <!-- elementsPageTextBoxTest -->
        <test-method is-config="true" signature="tearDown()[pri:0, instance:demoQaTests.WebTableTest@38d8f54a]" started-at="2023-12-12T22:05:19 EST" name="tearDown" finished-at="2023-12-12T22:05:19 EST" duration-ms="0" status="PASS">
          <reporter-output>
          </reporter-output>
        </test-method> <!-- tearDown -->
      </class> <!-- demoQaTests.WebTableTest -->
    </test> <!-- Default test -->
  </suite> <!-- Default suite -->
</testng-results>
